<?xml version="1.0" encoding="UTF-8"?>
<!-- Generated by org.testng.reporters.JUnitReportReporter -->
<testsuite hostname="AnnieSneha" failures="0" tests="2" name="test.FinalTest" time="5.186" errors="0" timestamp="2024-08-10T12:07:48 IST" skipped="0">
  <testcase classname="test.FinalTest" name="registertest" time="3.330"/>
  <testcase classname="test.FinalTest" name="logintest" time="1.856"/>
</testsuite> <!-- test.FinalTest -->
